#
# A fatal error has been detected by the Java Runtime Environment:
#
#  EXCEPTION_ACCESS_VIOLATION (0xc0000005) at pc=0x000000005d1f6f83, pid=1492, tid=0x0000000000000a64
#
# JRE version: Java(TM) SE Runtime Environment (8.0_144-b01) (build 1.8.0_144-b01)
# Java VM: Java HotSpot(TM) 64-Bit Server VM (25.144-b01 mixed mode windows-amd64 compressed oops)
# Problematic frame:
# V  [jvm.dll+0xf6f83]
#
# Failed to write core dump. Minidumps are not enabled by default on client versions of Windows
#
# If you would like to submit a bug report, please visit:
#   http://bugreport.java.com/bugreport/crash.jsp
#

---------------  T H R E A D  ---------------

Current thread (0x00000000575c6000):  VMThread [stack: 0x0000000058550000,0x0000000058650000] [id=2660]

siginfo: ExceptionCode=0xc0000005, reading address 0x0000000060610aa8

Registers:
RAX=0x0000000000006cbd, RBX=0x0000000000006cbd, RCX=0x00000000605da470, RDX=0x00000000605db8c8
RSP=0x000000005864f3e0, RBP=0x000000005864f510, RSI=0x000000000000ffff, RDI=0x00000000605da470
R8 =0x00000000575c3840, R9 =0x0000000000000003, R10=0x0000000000000003, R11=0x00000000605dadb2
R12=0x000000005864f5a0, R13=0x000000005864f590, R14=0x0000000000000000, R15=0x0000000000000010
RIP=0x000000005d1f6f83, EFLAGS=0x0000000000010202

Top of Stack: (sp=0x000000005864f3e0)
0x000000005864f3e0:   00000000000000b8 000000005864f510
0x000000005864f3f0:   00000000000000b8 000000007764dd48
0x000000005864f400:   000000000000000f 000000005d2d4740
0x000000005864f410:   00000000000000b8 00000000000000b8
0x000000005864f420:   0000000000000001 0000000000000012
0x000000005864f430:   0000000000000000 00000000607e2e50
0x000000005864f440:   000000000330cf70 000000000330ce36
0x000000005864f450:   000055e6213bb388 000000000330cd10
0x000000005864f460:   00000000028061a0 00000000607e5880
0x000000005864f470:   0000000000000000 000000005d1910d4
0x000000005864f480:   000000000330ce80 0000000000000000
0x000000005864f490:   0000000000000000 000000000330ce80
0x000000005864f4a0:   000055e6213bb4d8 000000005d191535
0x000000005864f4b0:   00000000607e5880 000000005d193925
0x000000005864f4c0:   00000000607e5880 000000005dc17010
0x000000005864f4d0:   00000000575c6000 00000000605da928 

Instructions: (pc=0x000000005d1f6f83)
0x000000005d1f6f63:   e8 98 f5 19 00 48 8b 57 10 48 85 d2 74 0f 48 8b
0x000000005d1f6f73:   c3 48 c1 e0 05 48 8b 44 10 10 0f b7 d8 48 63 c3
0x000000005d1f6f83:   0f b7 44 c7 50 48 8b 44 c7 50 48 89 44 24 30 f6
0x000000005d1f6f93:   d0 48 8b 4c 24 30 a8 01 74 0f 48 8b 41 10 48 8b 


Register to memory mapping:

RAX=0x0000000000006cbd is an unknown value
RBX=0x0000000000006cbd is an unknown value
RCX=0x00000000605da470 is pointing into metadata
RDX=0x00000000605db8c8 is pointing into metadata
RSP=0x000000005864f3e0 is an unknown value
RBP=0x000000005864f510 is an unknown value
RSI=0x000000000000ffff is an unknown value
RDI=0x00000000605da470 is pointing into metadata
R8 =0x00000000575c3840 is an unknown value
R9 =0x0000000000000003 is an unknown value
R10=0x0000000000000003 is an unknown value
R11=0x00000000605dadb2 is pointing into metadata
R12=0x000000005864f5a0 is an unknown value
R13=0x000000005864f590 is an unknown value
R14=0x0000000000000000 is an unknown value
R15=0x0000000000000010 is an unknown value


Stack: [0x0000000058550000,0x0000000058650000],  sp=0x000000005864f3e0,  free space=1020k
Native frames: (J=compiled Java code, j=interpreted, Vv=VM code, C=native code)
V  [jvm.dll+0xf6f83]
V  [jvm.dll+0x1d4740]
V  [jvm.dll+0x1d5692]
V  [jvm.dll+0x1c2f66]
V  [jvm.dll+0x1c8279]
V  [jvm.dll+0x1c877b]
V  [jvm.dll+0x24c127]
V  [jvm.dll+0x24b3c6]
V  [jvm.dll+0x24b861]
V  [jvm.dll+0x24ba7e]
V  [jvm.dll+0x29ca6a]
C  [msvcr100.dll+0x21d9f]
C  [msvcr100.dll+0x21e3b]
C  [kernel32.dll+0x159cd]
C  [ntdll.dll+0x2a561]

VM_Operation (0x000000005994f150): RedefineClasses, mode: safepoint, requested by thread 0x0000000058ad2000


---------------  P R O C E S S  ---------------

Java Threads: ( => current thread )
  0x000000005cae2800 JavaThread "Abandoned connection cleanup thread" daemon [_thread_blocked, id=7804, stack(0x0000000060410000,0x0000000060510000)]
  0x000000005cae3000 JavaThread "Tomcat JDBC Pool Cleaner[414493378:1509852617878]" daemon [_thread_blocked, id=7456, stack(0x000000005d000000,0x000000005d100000)]
  0x000000005cae1800 JavaThread "DestroyJavaVM" [_thread_blocked, id=2668, stack(0x00000000026c0000,0x00000000027c0000)]
  0x000000005cae1000 JavaThread "http-nio-8080-AsyncTimeout" daemon [_thread_blocked, id=6560, stack(0x0000000060060000,0x0000000060160000)]
  0x000000005cae0000 JavaThread "http-nio-8080-Acceptor-0" daemon [_thread_in_native, id=6720, stack(0x000000005fe80000,0x000000005ff80000)]
  0x000000005cadf800 JavaThread "http-nio-8080-ClientPoller-1" daemon [_thread_in_native, id=3512, stack(0x000000005fcb0000,0x000000005fdb0000)]
  0x000000005cade800 JavaThread "http-nio-8080-ClientPoller-0" daemon [_thread_blocked, id=4872, stack(0x000000005fa70000,0x000000005fb70000)]
  0x000000005cade000 JavaThread "http-nio-8080-exec-10" daemon [_thread_blocked, id=4852, stack(0x000000005f8c0000,0x000000005f9c0000)]
  0x000000005cadd000 JavaThread "http-nio-8080-exec-9" daemon [_thread_blocked, id=3476, stack(0x000000005f130000,0x000000005f230000)]
  0x000000005c1eb800 JavaThread "http-nio-8080-exec-8" daemon [_thread_blocked, id=7256, stack(0x000000005f6a0000,0x000000005f7a0000)]
  0x000000005c1ea800 JavaThread "http-nio-8080-exec-7" daemon [_thread_blocked, id=7592, stack(0x000000005f560000,0x000000005f660000)]
  0x000000005c1ea000 JavaThread "http-nio-8080-exec-6" daemon [_thread_blocked, id=6992, stack(0x000000005f360000,0x000000005f460000)]
  0x000000005c1e9000 JavaThread "http-nio-8080-exec-5" daemon [_thread_blocked, id=6564, stack(0x000000005f260000,0x000000005f360000)]
  0x000000005c1e8800 JavaThread "http-nio-8080-exec-4" daemon [_thread_blocked, id=1032, stack(0x000000005f020000,0x000000005f120000)]
  0x000000005c1e7800 JavaThread "http-nio-8080-exec-3" daemon [_thread_blocked, id=7732, stack(0x0000000059950000,0x0000000059a50000)]
  0x000000005c1e7000 JavaThread "http-nio-8080-exec-2" daemon [_thread_blocked, id=6160, stack(0x000000005eba0000,0x000000005eca0000)]
  0x000000005c1e6000 JavaThread "http-nio-8080-exec-1" daemon [_thread_blocked, id=4488, stack(0x000000005ee90000,0x000000005ef90000)]
  0x000000005c1e5800 JavaThread "NioBlockingSelector.BlockPoller-1" daemon [_thread_blocked, id=6548, stack(0x000000005ed20000,0x000000005ee20000)]
  0x000000005c9de800 JavaThread "container-0" [_thread_blocked, id=6460, stack(0x000000005e490000,0x000000005e590000)]
  0x000000005c9d2000 JavaThread "ContainerBackgroundProcessor[StandardEngine[Tomcat]]" daemon [_thread_blocked, id=4368, stack(0x0000000059520000,0x0000000059620000)]
  0x000000005a888000 JavaThread "JMX server connection timeout 20" daemon [_thread_blocked, id=7164, stack(0x000000005b900000,0x000000005ba00000)]
  0x000000005a87d000 JavaThread "RMI TCP Connection(idle)" daemon [_thread_blocked, id=7660, stack(0x000000005b760000,0x000000005b860000)]
  0x000000005a864800 JavaThread "RMI Scheduler(0)" daemon [_thread_blocked, id=6868, stack(0x000000005b380000,0x000000005b480000)]
  0x000000005a686800 JavaThread "RMI TCP Accept-0" daemon [_thread_in_native, id=5028, stack(0x000000005aca0000,0x000000005ada0000)]
  0x000000005a668800 JavaThread "RMI TCP Accept-52175" daemon [_thread_in_native, id=3528, stack(0x000000005aa50000,0x000000005ab50000)]
  0x000000005a657000 JavaThread "RMI TCP Accept-0" daemon [_thread_in_native, id=5728, stack(0x000000005ab80000,0x000000005ac80000)]
  0x0000000058b83000 JavaThread "Service Thread" daemon [_thread_blocked, id=1216, stack(0x0000000059e40000,0x0000000059f40000)]
  0x0000000058b09000 JavaThread "C1 CompilerThread2" daemon [_thread_blocked, id=7008, stack(0x000000005a100000,0x000000005a200000)]
  0x0000000058af4000 JavaThread "C2 CompilerThread1" daemon [_thread_blocked, id=4856, stack(0x0000000059fc0000,0x000000005a0c0000)]
  0x0000000058aee800 JavaThread "C2 CompilerThread0" daemon [_thread_blocked, id=1160, stack(0x0000000059d40000,0x0000000059e40000)]
  0x0000000058ade000 JavaThread "JDWP Command Reader" daemon [_thread_in_native, id=6796, stack(0x0000000059ba0000,0x0000000059ca0000)]
  0x0000000058ada800 JavaThread "JDWP Event Helper Thread" daemon [_thread_blocked, id=7920, stack(0x0000000059a60000,0x0000000059b60000)]
  0x0000000058ad2000 JavaThread "JDWP Transport Listener: dt_socket" daemon [_thread_blocked, id=1484, stack(0x0000000059850000,0x0000000059950000)]
  0x0000000058aa4000 JavaThread "Attach Listener" daemon [_thread_blocked, id=5252, stack(0x00000000590e0000,0x00000000591e0000)]
  0x0000000058acc000 JavaThread "Signal Dispatcher" daemon [_thread_blocked, id=6600, stack(0x0000000058f50000,0x0000000059050000)]
  0x0000000057614000 JavaThread "Finalizer" daemon [_thread_blocked, id=2700, stack(0x00000000589a0000,0x0000000058aa0000)]
  0x00000000575cd800 JavaThread "Reference Handler" daemon [_thread_blocked, id=6904, stack(0x00000000587e0000,0x00000000588e0000)]

Other Threads:
=>0x00000000575c6000 VMThread [stack: 0x0000000058550000,0x0000000058650000] [id=2660]
  0x000000005a688800 WatcherThread [stack: 0x000000005adf0000,0x000000005aef0000] [id=5368]

VM state:at safepoint (normal execution)

VM Mutex/Monitor currently owned by a thread:  ([mutex/lock_event])
[0x000000000245c160] Threads_lock - owner thread: 0x00000000575c6000

Heap:
 PSYoungGen      total 283648K, used 91850K [0x00000000d5d00000, 0x00000000ec580000, 0x0000000100000000)
  eden space 267776K, 31% used [0x00000000d5d00000,0x00000000daf68428,0x00000000e6280000)
  from space 15872K, 47% used [0x00000000e6280000,0x00000000e69ca5f0,0x00000000e7200000)
  to   space 15360K, 0% used [0x00000000eb680000,0x00000000eb680000,0x00000000ec580000)
 ParOldGen       total 107008K, used 30274K [0x0000000081600000, 0x0000000087e80000, 0x00000000d5d00000)
  object space 107008K, 28% used [0x0000000081600000,0x0000000083390918,0x0000000087e80000)
 Metaspace       used 42640K, capacity 43254K, committed 43520K, reserved 1087488K
  class space    used 5448K, capacity 5616K, committed 5632K, reserved 1048576K

Card table byte_map: [0x0000000011b80000,0x0000000011f80000] byte_map_base: 0x0000000011775000

Marking Bits: (ParMarkBitMap*) 0x000000005d91d850
 Begin Bits: [0x00000000128e0000, 0x0000000014888000)
 End Bits:   [0x0000000014888000, 0x0000000016830000)

Polling page: 0x0000000000120000

CodeCache: size=245760Kb used=11566Kb max_used=11566Kb free=234193Kb
 bounds [0x00000000027c0000, 0x0000000003310000, 0x00000000117c0000]
 total_blobs=5698 nmethods=4950 adapters=667
 compilation: enabled

Compilation events (10 events):
Event: 682.674 Thread 0x0000000058b09000 5029       1       org.apache.commons.logging.LogFactory::getContextClassLoaderInternal (14 bytes)
Event: 682.674 Thread 0x0000000058b09000 nmethod 5029 0x000000000330c310 code [0x000000000330c480, 0x000000000330c608]
Event: 682.674 Thread 0x0000000058b09000 5030       1       org.apache.commons.logging.LogFactory$1::<init> (5 bytes)
Event: 682.674 Thread 0x0000000058b09000 nmethod 5030 0x000000000330c6d0 code [0x000000000330c820, 0x000000000330c930]
Event: 682.675 Thread 0x0000000058b09000 5031       1       org.apache.commons.logging.LogFactory::getCachedFactory (19 bytes)
Event: 682.675 Thread 0x0000000058b09000 nmethod 5031 0x000000000330c990 code [0x000000000330cb00, 0x000000000330cc88]
Event: 682.675 Thread 0x0000000058b09000 5026       1       sun.nio.cs.ISO_8859_1$Decoder::decodeLoop (28 bytes)
Event: 682.675 Thread 0x0000000058b09000 nmethod 5026 0x000000000330cd10 code [0x000000000330ce80, 0x000000000330d078]
Event: 682.676 Thread 0x0000000058b09000 5033       1       sun.nio.ch.SelectionKeyImpl::selector (5 bytes)
Event: 682.676 Thread 0x0000000058b09000 nmethod 5033 0x000000000330d190 code [0x000000000330d2e0, 0x000000000330d3f0]

GC Heap History (10 events):
Event: 5.921 GC heap before
{Heap before GC invocations=9 (full 1):
 PSYoungGen      total 142336K, used 141367K [0x00000000d5d00000, 0x00000000e3c00000, 0x0000000100000000)
  eden space 133120K, 100% used [0x00000000d5d00000,0x00000000ddf00000,0x00000000ddf00000)
  from space 9216K, 89% used [0x00000000ddf00000,0x00000000de70dd58,0x00000000de800000)
  to   space 9728K, 0% used [0x00000000e3280000,0x00000000e3280000,0x00000000e3c00000)
 ParOldGen       total 59904K, used 9178K [0x0000000081600000, 0x0000000085080000, 0x00000000d5d00000)
  object space 59904K, 15% used [0x0000000081600000,0x0000000081ef68a8,0x0000000085080000)
 Metaspace       used 29052K, capacity 29526K, committed 29824K, reserved 1075200K
  class space    used 3726K, capacity 3854K, committed 3968K, reserved 1048576K
Event: 5.934 GC heap after
Heap after GC invocations=9 (full 1):
 PSYoungGen      total 214528K, used 9725K [0x00000000d5d00000, 0x00000000e3d00000, 0x0000000100000000)
  eden space 204800K, 0% used [0x00000000d5d00000,0x00000000d5d00000,0x00000000e2500000)
  from space 9728K, 99% used [0x00000000e3280000,0x00000000e3bff5b0,0x00000000e3c00000)
  to   space 12288K, 0% used [0x00000000e2500000,0x00000000e2500000,0x00000000e3100000)
 ParOldGen       total 59904K, used 12627K [0x0000000081600000, 0x0000000085080000, 0x00000000d5d00000)
  object space 59904K, 21% used [0x0000000081600000,0x0000000082254f60,0x0000000085080000)
 Metaspace       used 29052K, capacity 29526K, committed 29824K, reserved 1075200K
  class space    used 3726K, capacity 3854K, committed 3968K, reserved 1048576K
}
Event: 7.687 GC heap before
{Heap before GC invocations=10 (full 1):
 PSYoungGen      total 214528K, used 214525K [0x00000000d5d00000, 0x00000000e3d00000, 0x0000000100000000)
  eden space 204800K, 100% used [0x00000000d5d00000,0x00000000e2500000,0x00000000e2500000)
  from space 9728K, 99% used [0x00000000e3280000,0x00000000e3bff5b0,0x00000000e3c00000)
  to   space 12288K, 0% used [0x00000000e2500000,0x00000000e2500000,0x00000000e3100000)
 ParOldGen       total 59904K, used 12627K [0x0000000081600000, 0x0000000085080000, 0x00000000d5d00000)
  object space 59904K, 21% used [0x0000000081600000,0x0000000082254f60,0x0000000085080000)
 Metaspace       used 31732K, capacity 32280K, committed 32512K, reserved 1077248K
  class space    used 4113K, capacity 4249K, committed 4352K, reserved 1048576K
Event: 7.715 GC heap after
Heap after GC invocations=10 (full 1):
 PSYoungGen      total 217088K, used 12278K [0x00000000d5d00000, 0x00000000e8100000, 0x0000000100000000)
  eden space 204800K, 0% used [0x00000000d5d00000,0x00000000d5d00000,0x00000000e2500000)
  from space 12288K, 99% used [0x00000000e2500000,0x00000000e30fdb60,0x00000000e3100000)
  to   space 15360K, 0% used [0x00000000e7200000,0x00000000e7200000,0x00000000e8100000)
 ParOldGen       total 59904K, used 17625K [0x0000000081600000, 0x0000000085080000, 0x00000000d5d00000)
  object space 59904K, 29% used [0x0000000081600000,0x00000000827365b8,0x0000000085080000)
 Metaspace       used 31732K, capacity 32280K, committed 32512K, reserved 1077248K
  class space    used 4113K, capacity 4249K, committed 4352K, reserved 1048576K
}
Event: 8.753 GC heap before
{Heap before GC invocations=11 (full 1):
 PSYoungGen      total 217088K, used 144243K [0x00000000d5d00000, 0x00000000e8100000, 0x0000000100000000)
  eden space 204800K, 64% used [0x00000000d5d00000,0x00000000ddddf120,0x00000000e2500000)
  from space 12288K, 99% used [0x00000000e2500000,0x00000000e30fdb60,0x00000000e3100000)
  to   space 15360K, 0% used [0x00000000e7200000,0x00000000e7200000,0x00000000e8100000)
 ParOldGen       total 59904K, used 17625K [0x0000000081600000, 0x0000000085080000, 0x00000000d5d00000)
  object space 59904K, 29% used [0x0000000081600000,0x00000000827365b8,0x0000000085080000)
 Metaspace       used 34799K, capacity 35266K, committed 35496K, reserved 1081344K
  class space    used 4486K, capacity 4585K, committed 4608K, reserved 1048576K
Event: 8.779 GC heap after
Heap after GC invocations=11 (full 1):
 PSYoungGen      total 283136K, used 11099K [0x00000000d5d00000, 0x00000000e8380000, 0x0000000100000000)
  eden space 267776K, 0% used [0x00000000d5d00000,0x00000000d5d00000,0x00000000e6280000)
  from space 15360K, 72% used [0x00000000e7200000,0x00000000e7cd6c98,0x00000000e8100000)
  to   space 15872K, 0% used [0x00000000e6280000,0x00000000e6280000,0x00000000e7200000)
 ParOldGen       total 59904K, used 24959K [0x0000000081600000, 0x0000000085080000, 0x00000000d5d00000)
  object space 59904K, 41% used [0x0000000081600000,0x0000000082e5fc78,0x0000000085080000)
 Metaspace       used 34799K, capacity 35266K, committed 35496K, reserved 1081344K
  class space    used 4486K, capacity 4585K, committed 4608K, reserved 1048576K
}
Event: 8.779 GC heap before
{Heap before GC invocations=12 (full 2):
 PSYoungGen      total 283136K, used 11099K [0x00000000d5d00000, 0x00000000e8380000, 0x0000000100000000)
  eden space 267776K, 0% used [0x00000000d5d00000,0x00000000d5d00000,0x00000000e6280000)
  from space 15360K, 72% used [0x00000000e7200000,0x00000000e7cd6c98,0x00000000e8100000)
  to   space 15872K, 0% used [0x00000000e6280000,0x00000000e6280000,0x00000000e7200000)
 ParOldGen       total 59904K, used 24959K [0x0000000081600000, 0x0000000085080000, 0x00000000d5d00000)
  object space 59904K, 41% used [0x0000000081600000,0x0000000082e5fc78,0x0000000085080000)
 Metaspace       used 34799K, capacity 35266K, committed 35496K, reserved 1081344K
  class space    used 4486K, capacity 4585K, committed 4608K, reserved 1048576K
Event: 8.896 GC heap after
Heap after GC invocations=12 (full 2):
 PSYoungGen      total 283136K, used 0K [0x00000000d5d00000, 0x00000000e8380000, 0x0000000100000000)
  eden space 267776K, 0% used [0x00000000d5d00000,0x00000000d5d00000,0x00000000e6280000)
  from space 15360K, 0% used [0x00000000e7200000,0x00000000e7200000,0x00000000e8100000)
  to   space 15872K, 0% used [0x00000000e6280000,0x00000000e6280000,0x00000000e7200000)
 ParOldGen       total 107008K, used 30274K [0x0000000081600000, 0x0000000087e80000, 0x00000000d5d00000)
  object space 107008K, 28% used [0x0000000081600000,0x0000000083390918,0x0000000087e80000)
 Metaspace       used 34799K, capacity 35266K, committed 35496K, reserved 1081344K
  class space    used 4486K, capacity 4585K, committed 4608K, reserved 1048576K
}
Event: 164.385 GC heap before
{Heap before GC invocations=13 (full 2):
 PSYoungGen      total 283136K, used 267776K [0x00000000d5d00000, 0x00000000e8380000, 0x0000000100000000)
  eden space 267776K, 100% used [0x00000000d5d00000,0x00000000e6280000,0x00000000e6280000)
  from space 15360K, 0% used [0x00000000e7200000,0x00000000e7200000,0x00000000e8100000)
  to   space 15872K, 0% used [0x00000000e6280000,0x00000000e6280000,0x00000000e7200000)
 ParOldGen       total 107008K, used 30274K [0x0000000081600000, 0x0000000087e80000, 0x00000000d5d00000)
  object space 107008K, 28% used [0x0000000081600000,0x0000000083390918,0x0000000087e80000)
 Metaspace       used 38501K, capacity 39084K, committed 39296K, reserved 1083392K
  class space    used 5000K, capacity 5127K, committed 5248K, reserved 1048576K
Event: 164.416 GC heap after
Heap after GC invocations=13 (full 2):
 PSYoungGen      total 283648K, used 7465K [0x00000000d5d00000, 0x00000000ec580000, 0x0000000100000000)
  eden space 267776K, 0% used [0x00000000d5d00000,0x00000000d5d00000,0x00000000e6280000)
  from space 15872K, 47% used [0x00000000e6280000,0x00000000e69ca5f0,0x00000000e7200000)
  to   space 15360K, 0% used [0x00000000eb680000,0x00000000eb680000,0x00000000ec580000)
 ParOldGen       total 107008K, used 30274K [0x0000000081600000, 0x0000000087e80000, 0x00000000d5d00000)
  object space 107008K, 28% used [0x0000000081600000,0x0000000083390918,0x0000000087e80000)
 Metaspace       used 38501K, capacity 39084K, committed 39296K, reserved 1083392K
  class space    used 5000K, capacity 5127K, committed 5248K, reserved 1048576K
}

Deoptimization events (0 events):
No events

Internal exceptions (10 events):
Event: 164.649 Thread 0x000000005c1e6000 Exception <a 'java/lang/ClassNotFoundException': org/thymeleaf/context/AbstractEngineContextCustomizer> (0x00000000d72dd8e8) thrown at [C:\re\workspace\8-2-build-windows-amd64-cygwin\jdk8u144\9417\hotspot\src\share\vm\classfile\systemDictionary.cpp, line 
Event: 164.649 Thread 0x000000005c1e6000 Exception <a 'java/lang/ArrayIndexOutOfBoundsException'> (0x00000000d72e0d10) thrown at [C:\re\workspace\8-2-build-windows-amd64-cygwin\jdk8u144\9417\hotspot\src\share\vm\runtime\sharedRuntime.cpp, line 605]
Event: 164.649 Thread 0x000000005c1e6000 Exception <a 'java/lang/ArrayIndexOutOfBoundsException'> (0x00000000d72e3aa8) thrown at [C:\re\workspace\8-2-build-windows-amd64-cygwin\jdk8u144\9417\hotspot\src\share\vm\runtime\sharedRuntime.cpp, line 605]
Event: 164.649 Thread 0x000000005c1e6000 Exception <a 'java/lang/ArrayIndexOutOfBoundsException'> (0x00000000d72e64c8) thrown at [C:\re\workspace\8-2-build-windows-amd64-cygwin\jdk8u144\9417\hotspot\src\share\vm\runtime\sharedRuntime.cpp, line 605]
Event: 164.651 Thread 0x000000005c1e6000 Exception <a 'java/lang/ClassNotFoundException': org/thymeleaf/context/WebEngineContextCustomizer> (0x00000000d730ea68) thrown at [C:\re\workspace\8-2-build-windows-amd64-cygwin\jdk8u144\9417\hotspot\src\share\vm\classfile\systemDictionary.cpp, line 210]
Event: 164.652 Thread 0x000000005c1e6000 Exception <a 'java/lang/ArrayIndexOutOfBoundsException'> (0x00000000d7316c88) thrown at [C:\re\workspace\8-2-build-windows-amd64-cygwin\jdk8u144\9417\hotspot\src\share\vm\runtime\sharedRuntime.cpp, line 605]
Event: 164.652 Thread 0x000000005c1e6000 Exception <a 'java/lang/ArrayIndexOutOfBoundsException'> (0x00000000d73188e0) thrown at [C:\re\workspace\8-2-build-windows-amd64-cygwin\jdk8u144\9417\hotspot\src\share\vm\runtime\sharedRuntime.cpp, line 605]
Event: 164.652 Thread 0x000000005c1e6000 Exception <a 'java/lang/ArrayIndexOutOfBoundsException'> (0x00000000d731c6c8) thrown at [C:\re\workspace\8-2-build-windows-amd64-cygwin\jdk8u144\9417\hotspot\src\share\vm\runtime\sharedRuntime.cpp, line 605]
Event: 164.652 Thread 0x000000005c1e6000 Exception <a 'java/lang/ArrayIndexOutOfBoundsException'> (0x00000000d731fab0) thrown at [C:\re\workspace\8-2-build-windows-amd64-cygwin\jdk8u144\9417\hotspot\src\share\vm\runtime\sharedRuntime.cpp, line 605]
Event: 164.652 Thread 0x000000005c1e6000 Exception <a 'java/lang/ArrayIndexOutOfBoundsException'> (0x00000000d7321bd8) thrown at [C:\re\workspace\8-2-build-windows-amd64-cygwin\jdk8u144\9417\hotspot\src\share\vm\runtime\sharedRuntime.cpp, line 605]

Events (10 events):
Event: 678.541 Executing VM operation: GetOrSetLocal done
Event: 678.541 Executing VM operation: GetOrSetLocal
Event: 678.541 Executing VM operation: GetOrSetLocal done
Event: 678.542 Executing VM operation: GetOrSetLocal
Event: 678.542 Executing VM operation: GetOrSetLocal done
Event: 678.543 Executing VM operation: GetOrSetLocal
Event: 678.543 Executing VM operation: GetOrSetLocal done
Event: 678.543 Executing VM operation: GetOrSetLocal
Event: 678.543 Executing VM operation: GetOrSetLocal done
Event: 770.699 Executing VM operation: RedefineClasses


Dynamic libraries:
0x000000013f6a0000 - 0x000000013f6d7000 	E:\Software\Java\jdk1.8.0_144\bin\javaw.exe
0x0000000077600000 - 0x00000000777aa000 	C:\Windows\SYSTEM32\ntdll.dll
0x00000000774e0000 - 0x00000000775ff000 	C:\Windows\system32\kernel32.dll
0x000007fefd470000 - 0x000007fefd4da000 	C:\Windows\system32\KERNELBASE.dll
0x000007fefd6b0000 - 0x000007fefd78b000 	C:\Windows\system32\ADVAPI32.dll
0x000007fefdb20000 - 0x000007fefdbbf000 	C:\Windows\system32\msvcrt.dll
0x000007fefefe0000 - 0x000007fefefff000 	C:\Windows\SYSTEM32\sechost.dll
0x000007fefd9f0000 - 0x000007fefdb1d000 	C:\Windows\system32\RPCRT4.dll
0x00000000773e0000 - 0x00000000774da000 	C:\Windows\system32\USER32.dll
0x000007feff4e0000 - 0x000007feff547000 	C:\Windows\system32\GDI32.dll
0x000007fefdf00000 - 0x000007fefdf0e000 	C:\Windows\system32\LPK.dll
0x000007fefd920000 - 0x000007fefd9eb000 	C:\Windows\system32\USP10.dll
0x000007fefb8e0000 - 0x000007fefbad4000 	C:\Windows\WinSxS\amd64_microsoft.windows.common-controls_6595b64144ccf1df_6.0.7601.18837_none_fa3b1e3d17594757\COMCTL32.dll
0x000007fefd790000 - 0x000007fefd801000 	C:\Windows\system32\SHLWAPI.dll
0x000007feff8e0000 - 0x000007feff90e000 	C:\Windows\system32\IMM32.DLL
0x000007fefd810000 - 0x000007fefd919000 	C:\Windows\system32\MSCTF.dll
0x000000005d9a0000 - 0x000000005da72000 	E:\Software\Java\jdk1.8.0_144\jre\bin\msvcr100.dll
0x000000005d100000 - 0x000000005d99d000 	E:\Software\Java\jdk1.8.0_144\jre\bin\server\jvm.dll
0x000007fef8e10000 - 0x000007fef8e19000 	C:\Windows\system32\WSOCK32.dll
0x000007feff000000 - 0x000007feff04d000 	C:\Windows\system32\WS2_32.dll
0x000007fefde90000 - 0x000007fefde98000 	C:\Windows\system32\NSI.dll
0x000007fefae90000 - 0x000007fefaecb000 	C:\Windows\system32\WINMM.dll
0x000007fefc430000 - 0x000007fefc43c000 	C:\Windows\system32\VERSION.dll
0x00000000777c0000 - 0x00000000777c7000 	C:\Windows\system32\PSAPI.DLL
0x000000006fff0000 - 0x000000006ffff000 	E:\Software\Java\jdk1.8.0_144\jre\bin\verify.dll
0x000000006f7f0000 - 0x000000006f819000 	E:\Software\Java\jdk1.8.0_144\jre\bin\java.dll
0x000000006f7b0000 - 0x000000006f7e5000 	E:\Software\Java\jdk1.8.0_144\jre\bin\jdwp.dll
0x000000006f7a0000 - 0x000000006f7a8000 	E:\Software\Java\jdk1.8.0_144\jre\bin\npt.dll
0x000000006f780000 - 0x000000006f796000 	E:\Software\Java\jdk1.8.0_144\jre\bin\zip.dll
0x000007fefdf10000 - 0x000007fefec9b000 	C:\Windows\system32\SHELL32.dll
0x000007feff550000 - 0x000007feff74c000 	C:\Windows\system32\ole32.dll
0x000007fefd2f0000 - 0x000007fefd2ff000 	C:\Windows\system32\profapi.dll
0x000000006f770000 - 0x000000006f779000 	E:\Software\Java\jdk1.8.0_144\jre\bin\dt_socket.dll
0x000007fefae30000 - 0x000007fefae45000 	C:\Windows\system32\NLAapi.dll
0x000007fef62e0000 - 0x000007fef62f5000 	C:\Windows\system32\napinsp.dll
0x000007fef62c0000 - 0x000007fef62d9000 	C:\Windows\system32\pnrpnsp.dll
0x000007fef62b0000 - 0x000007fef62c0000 	C:\Windows\system32\wshbth.dll
0x000007fefca50000 - 0x000007fefcaa5000 	C:\Windows\System32\mswsock.dll
0x000007fefc8d0000 - 0x000007fefc92b000 	C:\Windows\system32\DNSAPI.dll
0x000007fef62a0000 - 0x000007fef62ab000 	C:\Windows\System32\winrnr.dll
0x000007fefc450000 - 0x000007fefc477000 	C:\Windows\system32\IPHLPAPI.DLL
0x000007fefc440000 - 0x000007fefc44b000 	C:\Windows\system32\WINNSI.DLL
0x000007fefa070000 - 0x000007fefa0c3000 	C:\Windows\System32\fwpuclnt.dll
0x000007fef7ff0000 - 0x000007fef7ff8000 	C:\Windows\system32\rasadhlp.dll
0x0000000180000000 - 0x0000000180060000 	C:\Windows\system32\portforward64.dll
0x000007fefc420000 - 0x000007fefc427000 	C:\Windows\System32\wshtcpip.dll
0x000000006f760000 - 0x000000006f76d000 	E:\Software\Java\jdk1.8.0_144\jre\bin\management.dll
0x000000006f6f0000 - 0x000000006f70a000 	E:\Software\Java\jdk1.8.0_144\jre\bin\net.dll
0x000007fefca40000 - 0x000007fefca47000 	C:\Windows\System32\wship6.dll
0x000000006f6d0000 - 0x000000006f6e1000 	E:\Software\Java\jdk1.8.0_144\jre\bin\nio.dll
0x000007fefcab0000 - 0x000007fefcac8000 	C:\Windows\system32\CRYPTSP.dll
0x000007fefc7b0000 - 0x000007fefc7f7000 	C:\Windows\system32\rsaenh.dll
0x000007fefd4e0000 - 0x000007fefd4fe000 	C:\Windows\system32\USERENV.dll
0x000007fefd190000 - 0x000007fefd19f000 	C:\Windows\system32\CRYPTBASE.dll
0x000007fef9f50000 - 0x000007fef9f68000 	C:\Windows\system32\dhcpcsvc.DLL
0x000007fef9f30000 - 0x000007fef9f41000 	C:\Windows\system32\dhcpcsvc6.DLL
0x000007fef4f30000 - 0x000007fef5055000 	C:\Windows\system32\dbghelp.dll

VM Arguments:
jvm_args: -agentlib:jdwp=transport=dt_socket,suspend=y,address=localhost:52176 -Dcom.sun.management.jmxremote -Dcom.sun.management.jmxremote.port=52175 -Dcom.sun.management.jmxremote.authenticate=false -Dcom.sun.management.jmxremote.ssl=false -Djava.rmi.server.hostname=localhost -Dspring.liveBeansView.mbeanDomain -Dspring.application.admin.enabled=true -Xverify:none -XX:TieredStopAtLevel=1 -Dfile.encoding=UTF-8 
java_command: com.denny.Application --spring.output.ansi.enabled=always
java_class_path (initial): D:\Development\springboot-workspace\leader-11\target\classes;D:\Development\springboot-workspace\spring-security-4.2.x\core\target\classes;D:\Development\springboot-workspace\spring-security-4.2.x\core\target\test-classes;D:\Development\maven\repository\aopalliance\aopalliance\1.0\aopalliance-1.0.jar;D:\Development\maven\repository\org\springframework\spring-aop\4.3.9.RELEASE\spring-aop-4.3.9.RELEASE.jar;D:\Development\maven\repository\org\springframework\spring-beans\4.3.9.RELEASE\spring-beans-4.3.9.RELEASE.jar;D:\Development\maven\repository\org\springframework\spring-context\4.3.9.RELEASE\spring-context-4.3.9.RELEASE.jar;D:\Development\maven\repository\org\springframework\spring-core\4.3.9.RELEASE\spring-core-4.3.9.RELEASE.jar;D:\Development\maven\repository\org\springframework\spring-expression\4.3.9.RELEASE\spring-expression-4.3.9.RELEASE.jar;D:\Development\maven\repository\com\fasterxml\jackson\core\jackson-databind\2.8.4\jackson-databind-2.8.4.jar;D:\Development\maven\repository\com\fasterxml\jackson\core\jackson-annotations\2.8.0\jackson-annotations-2.8.0.jar;D:\Development\maven\repository\com\fasterxml\jackson\core\jackson-core\2.8.4\jackson-core-2.8.4.jar;D:\Development\maven\repository\commons-logging\commons-logging\1.2\commons-logging-1.2.jar;D:\Development\maven\repository\javax\annotation\jsr250-api\1.0\jsr250-api-1.0.jar;D:\Development\maven\repository\net\sf\ehcache\ehcache\2.9.0\ehcache-2.9.0.jar;D:\Development\maven\repository\org\slf4j\slf4j-api\1.7.7\slf4j-api-1.7.7.jar;D:\Development\maven\repository\org\aspectj\aspectjrt\1.8.4\aspectjrt-1.8.4.jar;D:\Development\maven\repository\org\springframework\spring-jdbc\4.3.9.RELEASE\spring-jdbc-4.3.9.RELEASE.jar;D:\Development\maven\repository\org\springframework\spring-tx\4.3.9.RELEASE\spring-tx-4.3.9.RELEASE.jar;D:\Development\maven\repository\ch\qos\logback\logback-classic\1.1.2\logback-classic-1.1.2.jar;D:\Development\maven\repository\ch\qos\logback\logback-core\1.1.2\l
Launcher Type: SUN_STANDARD

Environment Variables:
JAVA_HOME=E:\Software\Java\jdk1.8.0_144
CLASSPATH=E:\Software\Java\jdk1.8.0_144/lib/dt.jar;E:\Software\Java\jdk1.8.0_144/lib/tools.jar
PATH=E:\Software\Java\jdk1.8.0_144\jre\bin;E:/Software/spring-tool-suite-3.9.0.RELEASE-e4.7.0-win32-x86_64/sts-bundle/sts-3.9.0.RELEASE/jre/bin/server;E:/Software/spring-tool-suite-3.9.0.RELEASE-e4.7.0-win32-x86_64/sts-bundle/sts-3.9.0.RELEASE/jre/bin;E:/Software/spring-tool-suite-3.9.0.RELEASE-e4.7.0-win32-x86_64/sts-bundle/sts-3.9.0.RELEASE/jre/lib/amd64;E:\Software\Java\jdk1.8.0_144/bin;C:\ProgramData\Oracle\Java\javapath;E:\Software\Java\jdk1.7.0_51\bin;C:\Windows\system32;C:\Windows;C:\Windows\System32\Wbem;C:\Windows\System32\WindowsPowerShell\v1.0\;E:\Software\TortoiseSVN\bin;C:\Program Files (x86)\Calibre2\;E:\Software\Java\jdk1.8.0_144/bin;E:\Software\Oracle\Instant Client;E:\Software\apache-ant-1.9.2/bin;E:\Software\apache-maven-3.5.0\/bin;E:\Software\Gradle\gradle-4.0\bin;E:\Software\spring-boot-cli-1.5.6.RELEASE-bin\spring-1.5.6.RELEASE\bin;E:\Software\spring-tool-suite-3.9.0.RELEASE-e4.7.0-win32-x86_64\sts-bundle\sts-3.9.0.RELEASE;
USERNAME=denny
OS=Windows_NT
PROCESSOR_IDENTIFIER=Intel64 Family 6 Model 61 Stepping 4, GenuineIntel



---------------  S Y S T E M  ---------------

OS: Windows 7 , 64 bit Build 7601 (6.1.7601.23864)

CPU:total 4 (initial active 4) (2 cores per cpu, 2 threads per core) family 6 model 61 stepping 4, cmov, cx8, fxsr, mmx, sse, sse2, sse3, ssse3, sse4.1, sse4.2, popcnt, avx, avx2, aes, clmul, erms, 3dnowpref, lzcnt, ht, tsc, tscinvbit, bmi1, bmi2, adx

Memory: 4k page, physical 8293180k(976904k free), swap 16584500k(10309952k free)

vm_info: Java HotSpot(TM) 64-Bit Server VM (25.144-b01) for windows-amd64 JRE (1.8.0_144-b01), built on Jul 21 2017 21:57:33 by "java_re" with MS VC++ 10.0 (VS2010)

time: Sun Nov 05 11:40:13 2017
elapsed time: 770 seconds (0d 0h 12m 50s)

